# JRE version: Java(TM) SE Runtime Environment (8.0_161-b12) (build 1.8.0_161-b12)
# Java VM: Java HotSpot(TM) 64-Bit Server VM (25.161-b12 mixed mode bsd-amd64 compressed oops)
Heap:
 PSYoungGen      total 304640K, used 58997K [0x000000076ab00000, 0x0000000782f00000, 0x00000007c0000000)
  eden space 279040K, 11% used [0x000000076ab00000,0x000000076cbb0df0,0x000000077bb80000)
  from space 25600K, 99% used [0x000000077bb80000,0x000000077d46c758,0x000000077d480000)
  to   space 28672K, 0% used [0x0000000781300000,0x0000000781300000,0x0000000782f00000)
 ParOldGen       total 158720K, used 52222K [0x00000006c0000000, 0x00000006c9b00000, 0x000000076ab00000)
  object space 158720K, 32% used [0x00000006c0000000,0x00000006c32ffa00,0x00000006c9b00000)
 Metaspace       used 48162K, capacity 49141K, committed 49368K, reserved 1091584K
  class space    used 7583K, capacity 7811K, committed 7936K, reserved 1048576K
GC Heap History (10 events):
Event: 6.286 GC heap before
{Heap before GC invocations=7 (full 1):
 PSYoungGen      total 141824K, used 126525K [0x000000076ab00000, 0x0000000779280000, 0x00000007c0000000)
  eden space 131072K, 89% used [0x000000076ab00000,0x0000000771e097d8,0x0000000772b00000)
  from space 10752K, 81% used [0x0000000772b00000,0x0000000773385ce8,0x0000000773580000)
  to   space 15360K, 0% used [0x0000000778380000,0x0000000778380000,0x0000000779280000)
 ParOldGen       total 108544K, used 13562K [0x00000006c0000000, 0x00000006c6a00000, 0x000000076ab00000)
  object space 108544K, 12% used [0x00000006c0000000,0x00000006c0d3e888,0x00000006c6a00000)
 Metaspace       used 34660K, capacity 35293K, committed 35416K, reserved 1079296K
  class space    used 5782K, capacity 5950K, committed 6016K, reserved 1048576K
Event: 6.298 GC heap after
Heap after GC invocations=7 (full 1):
 PSYoungGen      total 212480K, used 12867K [0x000000076ab00000, 0x0000000779080000, 0x00000007c0000000)
  eden space 199168K, 0% used [0x000000076ab00000,0x000000076ab00000,0x0000000776d80000)
  from space 13312K, 96% used [0x0000000778380000,0x0000000779010d28,0x0000000779080000)
  to   space 15872K, 0% used [0x0000000777180000,0x0000000777180000,0x0000000778100000)
 ParOldGen       total 108544K, used 13570K [0x00000006c0000000, 0x00000006c6a00000, 0x000000076ab00000)
  object space 108544K, 12% used [0x00000006c0000000,0x00000006c0d40888,0x00000006c6a00000)
 Metaspace       used 34660K, capacity 35293K, committed 35416K, reserved 1079296K
  class space    used 5782K, capacity 5950K, committed 6016K, reserved 1048576K
}
Event: 6.298 GC heap before
{Heap before GC invocations=8 (full 2):
 PSYoungGen      total 212480K, used 12867K [0x000000076ab00000, 0x0000000779080000, 0x00000007c0000000)
  eden space 199168K, 0% used [0x000000076ab00000,0x000000076ab00000,0x0000000776d80000)
  from space 13312K, 96% used [0x0000000778380000,0x0000000779010d28,0x0000000779080000)
  to   space 15872K, 0% used [0x0000000777180000,0x0000000777180000,0x0000000778100000)
 ParOldGen       total 108544K, used 13570K [0x00000006c0000000, 0x00000006c6a00000, 0x000000076ab00000)
  object space 108544K, 12% used [0x00000006c0000000,0x00000006c0d40888,0x00000006c6a00000)
 Metaspace       used 34660K, capacity 35293K, committed 35416K, reserved 1079296K
  class space    used 5782K, capacity 5950K, committed 6016K, reserved 1048576K
Event: 6.361 GC heap after
Heap after GC invocations=8 (full 2):
 PSYoungGen      total 212480K, used 0K [0x000000076ab00000, 0x0000000779080000, 0x00000007c0000000)
  eden space 199168K, 0% used [0x000000076ab00000,0x000000076ab00000,0x0000000776d80000)
  from space 13312K, 0% used [0x0000000778380000,0x0000000778380000,0x0000000779080000)
  to   space 15872K, 0% used [0x0000000777180000,0x0000000777180000,0x0000000778100000)
 ParOldGen       total 158720K, used 16189K [0x00000006c0000000, 0x00000006c9b00000, 0x000000076ab00000)
  object space 158720K, 10% used [0x00000006c0000000,0x00000006c0fcf5b8,0x00000006c9b00000)
 Metaspace       used 34658K, capacity 35287K, committed 35416K, reserved 1079296K
  class space    used 5782K, capacity 5949K, committed 6016K, reserved 1048576K
}
Event: 93.539 GC heap before
{Heap before GC invocations=9 (full 2):
 PSYoungGen      total 212480K, used 199168K [0x000000076ab00000, 0x0000000779080000, 0x00000007c0000000)
  eden space 199168K, 100% used [0x000000076ab00000,0x0000000776d80000,0x0000000776d80000)
  from space 13312K, 0% used [0x0000000778380000,0x0000000778380000,0x0000000779080000)
  to   space 15872K, 0% used [0x0000000777180000,0x0000000777180000,0x0000000778100000)
 ParOldGen       total 158720K, used 16189K [0x00000006c0000000, 0x00000006c9b00000, 0x000000076ab00000)
  object space 158720K, 10% used [0x00000006c0000000,0x00000006c0fcf5b8,0x00000006c9b00000)
 Metaspace       used 47692K, capacity 48583K, committed 48728K, reserved 1089536K
  class space    used 7522K, capacity 7736K, committed 7808K, reserved 1048576K
Event: 93.555 GC heap after
Heap after GC invocations=9 (full 2):
 PSYoungGen      total 219136K, used 15860K [0x000000076ab00000, 0x000000077ea80000, 0x00000007c0000000)
  eden space 203264K, 0% used [0x000000076ab00000,0x000000076ab00000,0x0000000777180000)
  from space 15872K, 99% used [0x0000000777180000,0x00000007780fd228,0x0000000778100000)
  to   space 22528K, 0% used [0x000000077d480000,0x000000077d480000,0x000000077ea80000)
 ParOldGen       total 158720K, used 25963K [0x00000006c0000000, 0x00000006c9b00000, 0x000000076ab00000)
  object space 158720K, 16% used [0x00000006c0000000,0x00000006c195ae00,0x00000006c9b00000)
 Metaspace       used 47692K, capacity 48583K, committed 48728K, reserved 1089536K
  class space    used 7522K, capacity 7736K, committed 7808K, reserved 1048576K
}
Event: 96.837 GC heap before
{Heap before GC invocations=10 (full 2):
 PSYoungGen      total 219136K, used 219080K [0x000000076ab00000, 0x000000077ea80000, 0x00000007c0000000)
  eden space 203264K, 99% used [0x000000076ab00000,0x0000000777174df8,0x0000000777180000)
  from space 15872K, 99% used [0x0000000777180000,0x00000007780fd228,0x0000000778100000)
  to   space 22528K, 0% used [0x000000077d480000,0x000000077d480000,0x000000077ea80000)
 ParOldGen       total 158720K, used 25963K [0x00000006c0000000, 0x00000006c9b00000, 0x000000076ab00000)
  object space 158720K, 16% used [0x00000006c0000000,0x00000006c195ae00,0x00000006c9b00000)
 Metaspace       used 47762K, capacity 48717K, committed 48984K, reserved 1091584K
  class space    used 7523K, capacity 7737K, committed 7808K, reserved 1048576K
Event: 96.855 GC heap after
Heap after GC invocations=10 (full 2):
 PSYoungGen      total 301568K, used 22435K [0x000000076ab00000, 0x000000077ee80000, 0x00000007c0000000)
  eden space 279040K, 0% used [0x000000076ab00000,0x000000076ab00000,0x000000077bb80000)
  from space 22528K, 99% used [0x000000077d480000,0x000000077ea68dc8,0x000000077ea80000)
  to   space 25600K, 0% used [0x000000077bb80000,0x000000077bb80000,0x000000077d480000)
 ParOldGen       total 158720K, used 42436K [0x00000006c0000000, 0x00000006c9b00000, 0x000000076ab00000)
  object space 158720K, 26% used [0x00000006c0000000,0x00000006c2971000,0x00000006c9b00000)
 Metaspace       used 47762K, capacity 48717K, committed 48984K, reserved 1091584K
  class space    used 7523K, capacity 7737K, committed 7808K, reserved 1048576K
}
Event: 98.797 GC heap before
{Heap before GC invocations=11 (full 2):
 PSYoungGen      total 301568K, used 301475K [0x000000076ab00000, 0x000000077ee80000, 0x00000007c0000000)
  eden space 279040K, 100% used [0x000000076ab00000,0x000000077bb80000,0x000000077bb80000)
  from space 22528K, 99% used [0x000000077d480000,0x000000077ea68dc8,0x000000077ea80000)
  to   space 25600K, 0% used [0x000000077bb80000,0x000000077bb80000,0x000000077d480000)
 ParOldGen       total 158720K, used 42436K [0x00000006c0000000, 0x00000006c9b00000, 0x000000076ab00000)
  object space 158720K, 26% used [0x00000006c0000000,0x00000006c2971000,0x00000006c9b00000)
 Metaspace       used 47785K, capacity 48721K, committed 48984K, reserved 1091584K
  class space    used 7523K, capacity 7737K, committed 7808K, reserved 1048576K
Event: 98.814 GC heap after
Heap after GC invocations=11 (full 2):
 PSYoungGen      total 304640K, used 25521K [0x000000076ab00000, 0x0000000782f00000, 0x00000007c0000000)
  eden space 279040K, 0% used [0x000000076ab00000,0x000000076ab00000,0x000000077bb80000)
  from space 25600K, 99% used [0x000000077bb80000,0x000000077d46c758,0x000000077d480000)
  to   space 28672K, 0% used [0x0000000781300000,0x0000000781300000,0x0000000782f00000)
 ParOldGen       total 158720K, used 52222K [0x00000006c0000000, 0x00000006c9b00000, 0x000000076ab00000)
  object space 158720K, 32% used [0x00000006c0000000,0x00000006c32ffa00,0x00000006c9b00000)
 Metaspace       used 47785K, capacity 48721K, committed 48984K, reserved 1091584K
  class space    used 7523K, capacity 7737K, committed 7808K, reserved 1048576K
}

